551
629
551
451
451
451
451
193
451
451
451
451
184
165
131
184
451
451
969
451
764
451
165
629
764
688
184
209
165
184
451
131
184
554
117
184
446
451
451
117
117
184
117
165
764
451
745
629
211
969
117
237
689
554
184
165
551
81
237
131
554
922
451
211
451
554
652
969
554
221
501
131
969
131
321
131
629
629
554
927
581
745
931
969
629
652
571
321
213
211
451
922
927
117
629
190
131
501
501
184
211
209
321
554
551
580
841
501
209
745
745
927
244
745
554
931
209
554
131
841
745
764
633
764
688
209
841
211
209
721
11
501
184
221
501
184
501
581
401
617
581
931
886
753
201
221
580
321
731
311
581
922
441
136
501
745
554
221
922
15
501
696
11
764
745
554
841
244
184
221
131
237
11
672
237
201
931
745
213
211
209
753
886
969
931
841
165
451
688
321
501
841
221
311
321
581
451
721
101
89
898
213
89
543
161
886
745
441
305
764
221
554
721
764
251
451
501
278
441
213
136
117
753
629
184
731
184
841
764
501
209
554
294
745
841
113
501
101
397
617
551
931
165
237
571
581
397
672
581
617
218
841
213
721
753
251
501
165
314
543
177
86
218
580
131
89
321
431
672
554
543
294
683
688
81
931
441
841
126
101
501
301
11
898
745
571
218
431
543
86
745
221
931
81
86
455
898
266
266
445
314
886
922
136
86
886
266
89
753
898
131
190
278
753
126
841
753
86
8
218
301
886
455
869
554
181
969
481
218
629
161
211
617
688
244
764
251
11
721
81
401
89
745
251
739
825
193
309
397
209
554
869
397
278
221
305
115
321
324
136
131
976
278
581
136
126
451
321
501
211
146
581
455
89
729
773
617
397
209
294
580
451
441
927
739
841
184
221
441
184
581
581
481
927
898
672
581
131
165
501
364
441
397
696
581
266
554
898
364
931
266
266
745
739
221
397
927
937
672
441
841
397
501
739
451
165
931
121
324
672
554
126
113
201
508
136
11
764
969
441
451
131
696
898
672
211
185
184
841
841
976
101
213
745
581
729
898
850
251
581
929
865
617
753
495
865
91
451
498
729
886
581
969
580
481
976
927
177
729
397
91
554
554
841
101
900
131
91
581
187
131
121
709
101
397
900
397
8
185
431
850
961
745
945
209
244
86
113
253
898
126
508
709
121
841
757
126
305
886
931
377
255
321
141
69
751
508
121
431
921
865
116
629
131
221
160
177
753
825
757
113
581
211
865
253
165
335
446
266
305
824
709
121
937
278
769
141
126
116
113
321
543
69
580
81
116
1
773
898
86
185
218
691
961
927
131
969
211
209
126
193
147
253
495
278
683
116
211
366
1
886
835
146
697
501
160
8
617
445
200
266
211
69
865
825
581
697
187
629
81
561
190
221
91
841
523
89
321
729
121
508
931
369
717
581
523
369
321
697
935
501
218
218
531
117
397
508
481
745
561
81
451
43
761
508
898
211
935
972
184
379
554
193
841
86
141
456
266
927
739
773
211
273
930
508
561
739
193
431
501
523
543
200
507
737
927
266
717
175
976
141
411
321
91
211
273
769
218
571
201
495
321
757
97
218
969
185
688
561
250
601
648
850
229
1
216
510
116
691
187
581
543
764
531
593
209
465
218
769
379
921
136
455
126
931
969
91
451
969
729
931
113
