6
-6
905
791
793
1912
-1890
-1917
0
1
1940
177
10
9431
1619
2718
8969
4252
4846
4080
3176
3148
7431
9433
4993
189
4796
4960
6286
2095
9432
3262
3233
7478
1619
2956
56
4771
2813
4679
3624
293
6301
6212
1214
695
7437
6432
5902
1524
-4011
9531
3118
3768
145
4284
185
2564
2964
8277
1433
15033
-483
2339
-285
3112
3250
993
505
17349
2757
-1959
1970
7497
18568
9730
10302
1556
2695
22
2127
5591
9585
1789
7630
10341
2
3281
5680
17677
4213
-1329
8340
19559
18390
3541
639
16095
-1948
-6526
-1966
21443
746
10257
5013
1591
1349
4889
19307
14900
1282
5338
3910
2300
2885
12245
11782
13767
19275
4277
4856
3587
-4847
10283
4479
2348
20216
3500
4196
1120
1999
20994
3691
0
7479
27831
15560
1959
15001
5807
13193
3478
27124
1961
14681
31785
7005
11983
24121
2965
11762
28125
29223
251
10899
22330
383
11414
2326
3610
6221
12102
23574
10272
23450
1209
2159
2667
26763
667
28203
15444
3610
14278
2647
19489
2565
15707
24439
120
3279
563
11526
882
5649
505
4837
5734
778
23119
29574
22
3451
19184
26552
8327
23648
-2880
29724
2863
2943
7454
18430
28245
6228
13249
4642
29319
7604
3560
5474
5005
23803
1410
4669
6731
29342
7092
2064
18376
7965
225
10244
21257
3628
5268
1616
26033
3631
2502
4838
4649
26148
24820
11915
7376
20339
25245
20412
543
16334
25958
16935
1737
6725
21340
5522
3115
24904
11129
3365
4772
12423
7295
795
1701
3521
19452
12244
3684
213
7872
3599
8156
7320
2390
26869
23318
2825
15911
18097
4335
12882
5572
17928
5267
8121
12977
21632
2328
769
2575
3421
10447
12056
2636
13163
2658
994
784
16862
-2659
2042
15738
7213
7141
1541
3196
13935
-6360
459
2713
12243
1025
14202
812
-8146
2041
-673
9346
2758
2617
1228
1633
5821
-6376
4660
9460
11743
945
1995
14085
10655
13943
14027
92
779
2193
2407
2401
2927
10401
181
10603
16545
2716
1601
12462
2887
-3784
1947
12697
15102
486
-5428
2432
1392
15070
11854
1040
12393
3170
-3523
16383
16187
7447
4980
8864
14083
3086
11723
-4884
7258
4698
6150
-1535
12756
1405
1520
12480
5506
8827
-2156
5593
6275
1401
12481
215
8445
2461
8908
9491
2793
10379
178
12202
9171
-1222
6193
752
-279
206
2729
1798
-1596
509
14508
5175
4044
2648
139
-3222
1738
4244
5274
-7185
-994
97
-1930
6948
14066
97
11496
3145
14566
8936
-4034
14420
13433
11250
2233
-1891
12514
392
-783
5151
181
-178
2230
159
2729
11390
12969
1043
9019
867
-613
5308
17008
7860
5450
140
3991
11641
771
1044
6507
-1315
9798
773
10110
15574
13301
14088
-2453
-580
-628
0
-1078
-2749
10707
9647
4429
96
3744
-9141
-1785
-1304
1197
-2136
5299
11272
8492
2417
897
-1412
261
-1726
145
174
-812
2327
709
4462
2991
931
8802
8572
9447
1351
6895
2378
-1936
576
536
5016
4264
669
181
1481
1037
-2707
-4118
-4555
295
-4731
-4153
72
6566
47
-2171
154
4914
-5274
-2601
10392
1185
1087
2682
-5322
-2445
6753
647
1207
-781
4204
-3204
-76
1147
1324
1337
563
8718
-229
6036
-2143
2068
492
-3411
3537
698
-6143
-2944
-11722
-8320
166
-8208
3559
1419
9691
